<?xml version="1.0" encoding="UTF-8"?>
<testng-results skipped="0" failed="0" total="2" passed="2">
  <reporter-output>
  </reporter-output>
  <suite name="DockerSelenium5" duration-ms="11358" started-at="2022-01-09T16:22:20Z" finished-at="2022-01-09T16:22:31Z">
    <groups>
    </groups>
    <test name="GoogleSearchPageTest1" duration-ms="6580" started-at="2022-01-09T16:22:20Z" finished-at="2022-01-09T16:22:27Z">
      <class name="com.docker.testCases.GoogleSearchTest">
        <test-method status="PASS" signature="setUp(java.lang.String)[pri:0, instance:com.docker.testCases.GoogleSearchTest@1bce4f0a]" name="setUp" is-config="true" duration-ms="3338" started-at="2022-01-09T21:52:20Z" finished-at="2022-01-09T21:52:23Z">
          <params>
            <param index="0">
              <value>
                <![CDATA[chrome]]>
              </value>
            </param>
          </params>
          <reporter-output>
          </reporter-output>
        </test-method> <!-- setUp -->
        <test-method status="PASS" signature="searchPageTest(java.lang.String, int)[pri:0, instance:com.docker.testCases.GoogleSearchTest@1bce4f0a]" name="searchPageTest" duration-ms="2401" started-at="2022-01-09T21:52:23Z" finished-at="2022-01-09T21:52:26Z">
          <params>
            <param index="0">
              <value>
                <![CDATA[docker]]>
              </value>
            </param>
            <param index="1">
              <value>
                <![CDATA[6]]>
              </value>
            </param>
          </params>
          <reporter-output>
          </reporter-output>
        </test-method> <!-- searchPageTest -->
        <test-method status="PASS" signature="tearDown()[pri:0, instance:com.docker.testCases.GoogleSearchTest@1bce4f0a]" name="tearDown" is-config="true" duration-ms="828" started-at="2022-01-09T21:52:26Z" finished-at="2022-01-09T21:52:27Z">
          <reporter-output>
          </reporter-output>
        </test-method> <!-- tearDown -->
      </class> <!-- com.docker.testCases.GoogleSearchTest -->
    </test> <!-- GoogleSearchPageTest1 -->
    <test name="GoogleSearchPageTest2" duration-ms="11358" started-at="2022-01-09T16:22:20Z" finished-at="2022-01-09T16:22:31Z">
      <class name="com.docker.testCases.GoogleSearchTest">
        <test-method status="PASS" signature="setUp(java.lang.String)[pri:0, instance:com.docker.testCases.GoogleSearchTest@4dfa3a9d]" name="setUp" is-config="true" duration-ms="7680" started-at="2022-01-09T21:52:20Z" finished-at="2022-01-09T21:52:28Z">
          <params>
            <param index="0">
              <value>
                <![CDATA[firefox]]>
              </value>
            </param>
          </params>
          <reporter-output>
          </reporter-output>
        </test-method> <!-- setUp -->
        <test-method status="PASS" signature="searchPageTest(java.lang.String, int)[pri:0, instance:com.docker.testCases.GoogleSearchTest@4dfa3a9d]" name="searchPageTest" duration-ms="2724" started-at="2022-01-09T21:52:28Z" finished-at="2022-01-09T21:52:30Z">
          <params>
            <param index="0">
              <value>
                <![CDATA[selenium]]>
              </value>
            </param>
            <param index="1">
              <value>
                <![CDATA[4]]>
              </value>
            </param>
          </params>
          <reporter-output>
          </reporter-output>
        </test-method> <!-- searchPageTest -->
        <test-method status="PASS" signature="tearDown()[pri:0, instance:com.docker.testCases.GoogleSearchTest@4dfa3a9d]" name="tearDown" is-config="true" duration-ms="951" started-at="2022-01-09T21:52:30Z" finished-at="2022-01-09T21:52:31Z">
          <reporter-output>
          </reporter-output>
        </test-method> <!-- tearDown -->
      </class> <!-- com.docker.testCases.GoogleSearchTest -->
    </test> <!-- GoogleSearchPageTest2 -->
  </suite> <!-- DockerSelenium5 -->
</testng-results>
