<?xml version="1.0" encoding="UTF-8"?>
<testng-results skipped="0" failed="0" total="2" passed="2">
  <reporter-output>
  </reporter-output>
  <suite name="DockerSelenium4" duration-ms="17146" started-at="2021-12-22T17:55:13Z" finished-at="2021-12-22T17:55:30Z">
    <groups>
    </groups>
    <test name="GoogleSearchPageTest1" duration-ms="12822" started-at="2021-12-22T17:55:13Z" finished-at="2021-12-22T17:55:26Z">
      <class name="com.docker.testCases.GoogleSearchTest">
        <test-method status="PASS" signature="setUp(java.lang.String)[pri:0, instance:com.docker.testCases.GoogleSearchTest@42d80b78]" name="setUp" is-config="true" duration-ms="7240" started-at="2021-12-22T23:25:13Z" finished-at="2021-12-22T23:25:20Z">
          <params>
            <param index="0">
              <value>
                <![CDATA[chrome]]>
              </value>
            </param>
          </params>
          <reporter-output>
          </reporter-output>
        </test-method> <!-- setUp -->
        <test-method status="PASS" signature="searchPageTest(java.lang.String, int)[pri:0, instance:com.docker.testCases.GoogleSearchTest@42d80b78]" name="searchPageTest" duration-ms="5409" started-at="2021-12-22T23:25:20Z" finished-at="2021-12-22T23:25:26Z">
          <params>
            <param index="0">
              <value>
                <![CDATA[docker]]>
              </value>
            </param>
            <param index="1">
              <value>
                <![CDATA[6]]>
              </value>
            </param>
          </params>
          <reporter-output>
          </reporter-output>
        </test-method> <!-- searchPageTest -->
        <test-method status="PASS" signature="tearDown()[pri:0, instance:com.docker.testCases.GoogleSearchTest@42d80b78]" name="tearDown" is-config="true" duration-ms="160" started-at="2021-12-22T23:25:26Z" finished-at="2021-12-22T23:25:26Z">
          <reporter-output>
          </reporter-output>
        </test-method> <!-- tearDown -->
      </class> <!-- com.docker.testCases.GoogleSearchTest -->
    </test> <!-- GoogleSearchPageTest1 -->
    <test name="GoogleSearchPageTest2" duration-ms="17146" started-at="2021-12-22T17:55:13Z" finished-at="2021-12-22T17:55:30Z">
      <class name="com.docker.testCases.GoogleSearchTest">
        <test-method status="PASS" signature="setUp(java.lang.String)[pri:0, instance:com.docker.testCases.GoogleSearchTest@754ba872]" name="setUp" is-config="true" duration-ms="12512" started-at="2021-12-22T23:25:13Z" finished-at="2021-12-22T23:25:25Z">
          <params>
            <param index="0">
              <value>
                <![CDATA[firefox]]>
              </value>
            </param>
          </params>
          <reporter-output>
          </reporter-output>
        </test-method> <!-- setUp -->
        <test-method status="PASS" signature="searchPageTest(java.lang.String, int)[pri:0, instance:com.docker.testCases.GoogleSearchTest@754ba872]" name="searchPageTest" duration-ms="4016" started-at="2021-12-22T23:25:25Z" finished-at="2021-12-22T23:25:30Z">
          <params>
            <param index="0">
              <value>
                <![CDATA[selenium]]>
              </value>
            </param>
            <param index="1">
              <value>
                <![CDATA[4]]>
              </value>
            </param>
          </params>
          <reporter-output>
          </reporter-output>
        </test-method> <!-- searchPageTest -->
        <test-method status="PASS" signature="tearDown()[pri:0, instance:com.docker.testCases.GoogleSearchTest@754ba872]" name="tearDown" is-config="true" duration-ms="614" started-at="2021-12-22T23:25:30Z" finished-at="2021-12-22T23:25:30Z">
          <reporter-output>
          </reporter-output>
        </test-method> <!-- tearDown -->
      </class> <!-- com.docker.testCases.GoogleSearchTest -->
    </test> <!-- GoogleSearchPageTest2 -->
  </suite> <!-- DockerSelenium4 -->
</testng-results>
